{"uuid":"01267bd5-270e-4406-9313-d5b7b39eb42c","historyId":"695e9014386b5fa1b70b127f8f3483d3","testCaseId":"33cef52d3edf90e043e869f4b2fb6ab4","fullName":"src/test/resources/Features/Setting_Mycontact.feature:6","labels":[{"name":"tag","value":"smart"},{"name":"host","value":"DESKTOP-SUNT4ML"},{"name":"thread","value":"36544@DESKTOP-SUNT4ML.main(1)"},{"name":"feature","value":"Login and Settings Feature"},{"name":"story","value":"Successful login and settings navigation"},{"name":"suite","value":"Login and Settings Feature"},{"name":"testClass","value":"Successful login and settings navigation"},{"name":"framework","value":"cucumber4jvm"},{"name":"language","value":"java"},{"name":"gherkin_uri","value":"file:///C:/Users/dell/git/Cucumber/CucumberDemo/src/test/resources/Features/Setting_Mycontact.feature"},{"name":"package","value":"src.test.resources.Features.Setting_Mycontact_feature.Login and Settings Feature"}],"links":[],"name":"Successful login and settings navigation","status":"broken","statusDetails":{"known":false,"muted":false,"flaky":false,"message":"element click intercepted: Element <div dir=\"auto\" class=\"css-146c3p1 r-1mgje8r r-ubezar r-135wba7 r-12kyg2d\" data-testid=\"Button-Text-Title\" style=\"color: rgb(255, 255, 255);\">...</div> is not clickable at point (1078, 610). Other element would receive the click: <span class=\"helpButtonLabel\" id=\"helpButtonSpan\" aria-live=\"polite\" aria-atomic=\"true\">...</span>\n  (Session info: chrome=124.0.6367.119)\nBuild info: version: '4.18.1', revision: 'b1d3319b48'\nSystem info: os.name: 'Windows 11', os.arch: 'amd64', os.version: '10.0', java.version: '17.0.9'\nDriver info: org.openqa.selenium.chrome.ChromeDriver\nCommand: [e9016c5c2ede99a0f79c25b8586e2425, clickElement {id=f.D52D98EABC6485C837A0C9A8AE53ED26.d.D0B76A335D11FCCCD5B2B0B9D8C85BC8.e.126}]\nCapabilities {acceptInsecureCerts: false, browserName: chrome, browserVersion: 124.0.6367.119, chrome: {chromedriverVersion: 124.0.6367.91 (51df0e5e17a8..., userDataDir: C:\\Users\\dell\\AppData\\Local...}, fedcm:accounts: true, goog:chromeOptions: {debuggerAddress: localhost:60552}, networkConnectionEnabled: false, pageLoadStrategy: normal, platformName: windows, proxy: Proxy(), se:cdp: ws://localhost:60552/devtoo..., se:cdpVersion: 124.0.6367.119, setWindowRect: true, strictFileInteractability: false, timeouts: {implicit: 0, pageLoad: 300000, script: 30000}, unhandledPromptBehavior: dismiss and notify, webauthn:extension:credBlob: true, webauthn:extension:largeBlob: true, webauthn:extension:minPinLength: true, webauthn:extension:prf: true, webauthn:virtualAuthenticators: true}\nElement: [[ChromeDriver: chrome on windows (e9016c5c2ede99a0f79c25b8586e2425)] -> xpath: //div[contains(text(),'Save')]]\nSession ID: e9016c5c2ede99a0f79c25b8586e2425","trace":"org.openqa.selenium.ElementClickInterceptedException: element click intercepted: Element <div dir=\"auto\" class=\"css-146c3p1 r-1mgje8r r-ubezar r-135wba7 r-12kyg2d\" data-testid=\"Button-Text-Title\" style=\"color: rgb(255, 255, 255);\">...</div> is not clickable at point (1078, 610). Other element would receive the click: <span class=\"helpButtonLabel\" id=\"helpButtonSpan\" aria-live=\"polite\" aria-atomic=\"true\">...</span>\n  (Session info: chrome=124.0.6367.119)\nBuild info: version: '4.18.1', revision: 'b1d3319b48'\nSystem info: os.name: 'Windows 11', os.arch: 'amd64', os.version: '10.0', java.version: '17.0.9'\nDriver info: org.openqa.selenium.chrome.ChromeDriver\nCommand: [e9016c5c2ede99a0f79c25b8586e2425, clickElement {id=f.D52D98EABC6485C837A0C9A8AE53ED26.d.D0B76A335D11FCCCD5B2B0B9D8C85BC8.e.126}]\nCapabilities {acceptInsecureCerts: false, browserName: chrome, browserVersion: 124.0.6367.119, chrome: {chromedriverVersion: 124.0.6367.91 (51df0e5e17a8..., userDataDir: C:\\Users\\dell\\AppData\\Local...}, fedcm:accounts: true, goog:chromeOptions: {debuggerAddress: localhost:60552}, networkConnectionEnabled: false, pageLoadStrategy: normal, platformName: windows, proxy: Proxy(), se:cdp: ws://localhost:60552/devtoo..., se:cdpVersion: 124.0.6367.119, setWindowRect: true, strictFileInteractability: false, timeouts: {implicit: 0, pageLoad: 300000, script: 30000}, unhandledPromptBehavior: dismiss and notify, webauthn:extension:credBlob: true, webauthn:extension:largeBlob: true, webauthn:extension:minPinLength: true, webauthn:extension:prf: true, webauthn:virtualAuthenticators: true}\nElement: [[ChromeDriver: chrome on windows (e9016c5c2ede99a0f79c25b8586e2425)] -> xpath: //div[contains(text(),'Save')]]\nSession ID: e9016c5c2ede99a0f79c25b8586e2425\r\n\tat java.base/jdk.internal.reflect.NativeConstructorAccessorImpl.newInstance0(Native Method)\r\n\tat java.base/jdk.internal.reflect.NativeConstructorAccessorImpl.newInstance(NativeConstructorAccessorImpl.java:77)\r\n\tat java.base/jdk.internal.reflect.DelegatingConstructorAccessorImpl.newInstance(DelegatingConstructorAccessorImpl.java:45)\r\n\tat java.base/java.lang.reflect.Constructor.newInstanceWithCaller(Constructor.java:499)\r\n\tat java.base/java.lang.reflect.Constructor.newInstance(Constructor.java:480)\r\n\tat org.openqa.selenium.remote.ErrorCodec.decode(ErrorCodec.java:167)\r\n\tat org.openqa.selenium.remote.codec.w3c.W3CHttpResponseCodec.decode(W3CHttpResponseCodec.java:138)\r\n\tat org.openqa.selenium.remote.codec.w3c.W3CHttpResponseCodec.decode(W3CHttpResponseCodec.java:50)\r\n\tat org.openqa.selenium.remote.HttpCommandExecutor.execute(HttpCommandExecutor.java:190)\r\n\tat org.openqa.selenium.remote.service.DriverCommandExecutor.invokeExecute(DriverCommandExecutor.java:216)\r\n\tat org.openqa.selenium.remote.service.DriverCommandExecutor.execute(DriverCommandExecutor.java:174)\r\n\tat org.openqa.selenium.remote.RemoteWebDriver.execute(RemoteWebDriver.java:519)\r\n\tat org.openqa.selenium.remote.RemoteWebElement.execute(RemoteWebElement.java:223)\r\n\tat org.openqa.selenium.remote.RemoteWebElement.click(RemoteWebElement.java:76)\r\n\tat pages.settingpage.ContactDetails(settingpage.java:105)\r\n\tat StepDefinations.LoginAndSettingsSteps.iShouldBeAbleToNavigateToMyContactsDashboard(LoginAndSettingsSteps.java:81)\r\n\tat ✽.I should be able to navigate to My Contacts dashboard(file:///C:/Users/dell/git/Cucumber/CucumberDemo/src/test/resources/Features/Setting_Mycontact.feature:12)\r\n"},"stage":"finished","steps":[{"name":"Given I am on the Diathriv login page","status":"passed","statusDetails":{"known":false,"muted":false,"flaky":false},"stage":"finished","steps":[],"attachments":[],"parameters":[],"start":1714981014647,"stop":1714981021973},{"name":"When I enter a valid username and password","status":"passed","statusDetails":{"known":false,"muted":false,"flaky":false},"stage":"finished","steps":[],"attachments":[],"parameters":[],"start":1714981021974,"stop":1714981022767},{"name":"And I click on the login buttons1","status":"passed","statusDetails":{"known":false,"muted":false,"flaky":false},"stage":"finished","steps":[],"attachments":[],"parameters":[],"start":1714981022768,"stop":1714981078404},{"name":"Then I should be logged in successfully","status":"passed","statusDetails":{"known":false,"muted":false,"flaky":false},"stage":"finished","steps":[],"attachments":[],"parameters":[],"start":1714981078406,"stop":1714981078409},{"name":"And I should be able to click on the settings button","status":"passed","statusDetails":{"known":false,"muted":false,"flaky":false},"stage":"finished","steps":[],"attachments":[],"parameters":[],"start":1714981078409,"stop":1714981080512},{"name":"And I should be able to navigate to My Contacts dashboard","status":"broken","statusDetails":{"known":false,"muted":false,"flaky":false,"message":"element click intercepted: Element <div dir=\"auto\" class=\"css-146c3p1 r-1mgje8r r-ubezar r-135wba7 r-12kyg2d\" data-testid=\"Button-Text-Title\" style=\"color: rgb(255, 255, 255);\">...</div> is not clickable at point (1078, 610). Other element would receive the click: <span class=\"helpButtonLabel\" id=\"helpButtonSpan\" aria-live=\"polite\" aria-atomic=\"true\">...</span>\n  (Session info: chrome=124.0.6367.119)\nBuild info: version: '4.18.1', revision: 'b1d3319b48'\nSystem info: os.name: 'Windows 11', os.arch: 'amd64', os.version: '10.0', java.version: '17.0.9'\nDriver info: org.openqa.selenium.chrome.ChromeDriver\nCommand: [e9016c5c2ede99a0f79c25b8586e2425, clickElement {id=f.D52D98EABC6485C837A0C9A8AE53ED26.d.D0B76A335D11FCCCD5B2B0B9D8C85BC8.e.126}]\nCapabilities {acceptInsecureCerts: false, browserName: chrome, browserVersion: 124.0.6367.119, chrome: {chromedriverVersion: 124.0.6367.91 (51df0e5e17a8..., userDataDir: C:\\Users\\dell\\AppData\\Local...}, fedcm:accounts: true, goog:chromeOptions: {debuggerAddress: localhost:60552}, networkConnectionEnabled: false, pageLoadStrategy: normal, platformName: windows, proxy: Proxy(), se:cdp: ws://localhost:60552/devtoo..., se:cdpVersion: 124.0.6367.119, setWindowRect: true, strictFileInteractability: false, timeouts: {implicit: 0, pageLoad: 300000, script: 30000}, unhandledPromptBehavior: dismiss and notify, webauthn:extension:credBlob: true, webauthn:extension:largeBlob: true, webauthn:extension:minPinLength: true, webauthn:extension:prf: true, webauthn:virtualAuthenticators: true}\nElement: [[ChromeDriver: chrome on windows (e9016c5c2ede99a0f79c25b8586e2425)] -> xpath: //div[contains(text(),'Save')]]\nSession ID: e9016c5c2ede99a0f79c25b8586e2425","trace":"org.openqa.selenium.ElementClickInterceptedException: element click intercepted: Element <div dir=\"auto\" class=\"css-146c3p1 r-1mgje8r r-ubezar r-135wba7 r-12kyg2d\" data-testid=\"Button-Text-Title\" style=\"color: rgb(255, 255, 255);\">...</div> is not clickable at point (1078, 610). Other element would receive the click: <span class=\"helpButtonLabel\" id=\"helpButtonSpan\" aria-live=\"polite\" aria-atomic=\"true\">...</span>\n  (Session info: chrome=124.0.6367.119)\nBuild info: version: '4.18.1', revision: 'b1d3319b48'\nSystem info: os.name: 'Windows 11', os.arch: 'amd64', os.version: '10.0', java.version: '17.0.9'\nDriver info: org.openqa.selenium.chrome.ChromeDriver\nCommand: [e9016c5c2ede99a0f79c25b8586e2425, clickElement {id=f.D52D98EABC6485C837A0C9A8AE53ED26.d.D0B76A335D11FCCCD5B2B0B9D8C85BC8.e.126}]\nCapabilities {acceptInsecureCerts: false, browserName: chrome, browserVersion: 124.0.6367.119, chrome: {chromedriverVersion: 124.0.6367.91 (51df0e5e17a8..., userDataDir: C:\\Users\\dell\\AppData\\Local...}, fedcm:accounts: true, goog:chromeOptions: {debuggerAddress: localhost:60552}, networkConnectionEnabled: false, pageLoadStrategy: normal, platformName: windows, proxy: Proxy(), se:cdp: ws://localhost:60552/devtoo..., se:cdpVersion: 124.0.6367.119, setWindowRect: true, strictFileInteractability: false, timeouts: {implicit: 0, pageLoad: 300000, script: 30000}, unhandledPromptBehavior: dismiss and notify, webauthn:extension:credBlob: true, webauthn:extension:largeBlob: true, webauthn:extension:minPinLength: true, webauthn:extension:prf: true, webauthn:virtualAuthenticators: true}\nElement: [[ChromeDriver: chrome on windows (e9016c5c2ede99a0f79c25b8586e2425)] -> xpath: //div[contains(text(),'Save')]]\nSession ID: e9016c5c2ede99a0f79c25b8586e2425\r\n\tat java.base/jdk.internal.reflect.NativeConstructorAccessorImpl.newInstance0(Native Method)\r\n\tat java.base/jdk.internal.reflect.NativeConstructorAccessorImpl.newInstance(NativeConstructorAccessorImpl.java:77)\r\n\tat java.base/jdk.internal.reflect.DelegatingConstructorAccessorImpl.newInstance(DelegatingConstructorAccessorImpl.java:45)\r\n\tat java.base/java.lang.reflect.Constructor.newInstanceWithCaller(Constructor.java:499)\r\n\tat java.base/java.lang.reflect.Constructor.newInstance(Constructor.java:480)\r\n\tat org.openqa.selenium.remote.ErrorCodec.decode(ErrorCodec.java:167)\r\n\tat org.openqa.selenium.remote.codec.w3c.W3CHttpResponseCodec.decode(W3CHttpResponseCodec.java:138)\r\n\tat org.openqa.selenium.remote.codec.w3c.W3CHttpResponseCodec.decode(W3CHttpResponseCodec.java:50)\r\n\tat org.openqa.selenium.remote.HttpCommandExecutor.execute(HttpCommandExecutor.java:190)\r\n\tat org.openqa.selenium.remote.service.DriverCommandExecutor.invokeExecute(DriverCommandExecutor.java:216)\r\n\tat org.openqa.selenium.remote.service.DriverCommandExecutor.execute(DriverCommandExecutor.java:174)\r\n\tat org.openqa.selenium.remote.RemoteWebDriver.execute(RemoteWebDriver.java:519)\r\n\tat org.openqa.selenium.remote.RemoteWebElement.execute(RemoteWebElement.java:223)\r\n\tat org.openqa.selenium.remote.RemoteWebElement.click(RemoteWebElement.java:76)\r\n\tat pages.settingpage.ContactDetails(settingpage.java:105)\r\n\tat StepDefinations.LoginAndSettingsSteps.iShouldBeAbleToNavigateToMyContactsDashboard(LoginAndSettingsSteps.java:81)\r\n\tat ✽.I should be able to navigate to My Contacts dashboard(file:///C:/Users/dell/git/Cucumber/CucumberDemo/src/test/resources/Features/Setting_Mycontact.feature:12)\r\n"},"stage":"finished","steps":[],"attachments":[],"parameters":[],"start":1714981080513,"stop":1714981090904},{"name":"And I should be able to check and validate fields in settings","status":"skipped","statusDetails":{"known":false,"muted":false,"flaky":false},"stage":"finished","steps":[],"attachments":[],"parameters":[],"start":1714981090913,"stop":1714981090916}],"attachments":[],"parameters":[],"start":1714981006470,"stop":1714981093128}